<?xml version="1.0" encoding="UTF-8"?>
<testsuites>
  <testsuite name="tests" tests="70" assertions="74" errors="0" failures="0" skipped="0" time="0.178019">
    <testsuite name="Wayfair\Tests\Mappers\ConfigHelperTest" file="C:\Users\jhoule\ws\plentymarkets-plugin\tests\php\Helpers\ConfigHelperTest.php" tests="6" assertions="6" errors="0" failures="0" skipped="0" time="0.038822">
      <testsuite name="Wayfair\Tests\Mappers\ConfigHelperTest::testNormalizeItemMappingMethod" tests="6" assertions="6" errors="0" failures="0" skipped="0" time="0.038822">
        <testcase name="testNormalizeItemMappingMethod with data set #0" class="Wayfair\Tests\Mappers\ConfigHelperTest" classname="Wayfair.Tests.Mappers.ConfigHelperTest" file="C:\Users\jhoule\ws\plentymarkets-plugin\tests\php\Helpers\ConfigHelperTest.php" line="20" assertions="1" time="0.024412"/>
        <testcase name="testNormalizeItemMappingMethod with data set #1" class="Wayfair\Tests\Mappers\ConfigHelperTest" classname="Wayfair.Tests.Mappers.ConfigHelperTest" file="C:\Users\jhoule\ws\plentymarkets-plugin\tests\php\Helpers\ConfigHelperTest.php" line="20" assertions="1" time="0.002820"/>
        <testcase name="testNormalizeItemMappingMethod with data set #2" class="Wayfair\Tests\Mappers\ConfigHelperTest" classname="Wayfair.Tests.Mappers.ConfigHelperTest" file="C:\Users\jhoule\ws\plentymarkets-plugin\tests\php\Helpers\ConfigHelperTest.php" line="20" assertions="1" time="0.002782"/>
        <testcase name="testNormalizeItemMappingMethod with data set #3" class="Wayfair\Tests\Mappers\ConfigHelperTest" classname="Wayfair.Tests.Mappers.ConfigHelperTest" file="C:\Users\jhoule\ws\plentymarkets-plugin\tests\php\Helpers\ConfigHelperTest.php" line="20" assertions="1" time="0.003228"/>
        <testcase name="testNormalizeItemMappingMethod with data set #4" class="Wayfair\Tests\Mappers\ConfigHelperTest" classname="Wayfair.Tests.Mappers.ConfigHelperTest" file="C:\Users\jhoule\ws\plentymarkets-plugin\tests\php\Helpers\ConfigHelperTest.php" line="20" assertions="1" time="0.002769"/>
        <testcase name="testNormalizeItemMappingMethod with data set #5" class="Wayfair\Tests\Mappers\ConfigHelperTest" classname="Wayfair.Tests.Mappers.ConfigHelperTest" file="C:\Users\jhoule\ws\plentymarkets-plugin\tests\php\Helpers\ConfigHelperTest.php" line="20" assertions="1" time="0.002811"/>
      </testsuite>
    </testsuite>
    <testsuite name="Wayfair\Tests\Mappers\InventoryMapperTest" file="C:\Users\jhoule\ws\plentymarkets-plugin\tests\php\Mappers\InventoryMapperTest.php" tests="64" assertions="68" errors="0" failures="0" skipped="0" time="0.139196">
      <testsuite name="Wayfair\Tests\Mappers\InventoryMapperTest::testMergeQuantities" tests="21" assertions="21" errors="0" failures="0" skipped="0" time="0.041381">
        <testcase name="testMergeQuantities with data set #0" class="Wayfair\Tests\Mappers\InventoryMapperTest" classname="Wayfair.Tests.Mappers.InventoryMapperTest" file="C:\Users\jhoule\ws\plentymarkets-plugin\tests\php\Mappers\InventoryMapperTest.php" line="20" assertions="1" time="0.004027"/>
        <testcase name="testMergeQuantities with data set #1" class="Wayfair\Tests\Mappers\InventoryMapperTest" classname="Wayfair.Tests.Mappers.InventoryMapperTest" file="C:\Users\jhoule\ws\plentymarkets-plugin\tests\php\Mappers\InventoryMapperTest.php" line="20" assertions="1" time="0.001772"/>
        <testcase name="testMergeQuantities with data set #2" class="Wayfair\Tests\Mappers\InventoryMapperTest" classname="Wayfair.Tests.Mappers.InventoryMapperTest" file="C:\Users\jhoule\ws\plentymarkets-plugin\tests\php\Mappers\InventoryMapperTest.php" line="20" assertions="1" time="0.001832"/>
        <testcase name="testMergeQuantities with data set #3" class="Wayfair\Tests\Mappers\InventoryMapperTest" classname="Wayfair.Tests.Mappers.InventoryMapperTest" file="C:\Users\jhoule\ws\plentymarkets-plugin\tests\php\Mappers\InventoryMapperTest.php" line="20" assertions="1" time="0.001633"/>
        <testcase name="testMergeQuantities with data set #4" class="Wayfair\Tests\Mappers\InventoryMapperTest" classname="Wayfair.Tests.Mappers.InventoryMapperTest" file="C:\Users\jhoule\ws\plentymarkets-plugin\tests\php\Mappers\InventoryMapperTest.php" line="20" assertions="1" time="0.002165"/>
        <testcase name="testMergeQuantities with data set #5" class="Wayfair\Tests\Mappers\InventoryMapperTest" classname="Wayfair.Tests.Mappers.InventoryMapperTest" file="C:\Users\jhoule\ws\plentymarkets-plugin\tests\php\Mappers\InventoryMapperTest.php" line="20" assertions="1" time="0.001647"/>
        <testcase name="testMergeQuantities with data set #6" class="Wayfair\Tests\Mappers\InventoryMapperTest" classname="Wayfair.Tests.Mappers.InventoryMapperTest" file="C:\Users\jhoule\ws\plentymarkets-plugin\tests\php\Mappers\InventoryMapperTest.php" line="20" assertions="1" time="0.001741"/>
        <testcase name="testMergeQuantities with data set #7" class="Wayfair\Tests\Mappers\InventoryMapperTest" classname="Wayfair.Tests.Mappers.InventoryMapperTest" file="C:\Users\jhoule\ws\plentymarkets-plugin\tests\php\Mappers\InventoryMapperTest.php" line="20" assertions="1" time="0.001978"/>
        <testcase name="testMergeQuantities with data set #8" class="Wayfair\Tests\Mappers\InventoryMapperTest" classname="Wayfair.Tests.Mappers.InventoryMapperTest" file="C:\Users\jhoule\ws\plentymarkets-plugin\tests\php\Mappers\InventoryMapperTest.php" line="20" assertions="1" time="0.001739"/>
        <testcase name="testMergeQuantities with data set #9" class="Wayfair\Tests\Mappers\InventoryMapperTest" classname="Wayfair.Tests.Mappers.InventoryMapperTest" file="C:\Users\jhoule\ws\plentymarkets-plugin\tests\php\Mappers\InventoryMapperTest.php" line="20" assertions="1" time="0.001645"/>
        <testcase name="testMergeQuantities with data set #10" class="Wayfair\Tests\Mappers\InventoryMapperTest" classname="Wayfair.Tests.Mappers.InventoryMapperTest" file="C:\Users\jhoule\ws\plentymarkets-plugin\tests\php\Mappers\InventoryMapperTest.php" line="20" assertions="1" time="0.001924"/>
        <testcase name="testMergeQuantities with data set #11" class="Wayfair\Tests\Mappers\InventoryMapperTest" classname="Wayfair.Tests.Mappers.InventoryMapperTest" file="C:\Users\jhoule\ws\plentymarkets-plugin\tests\php\Mappers\InventoryMapperTest.php" line="20" assertions="1" time="0.001884"/>
        <testcase name="testMergeQuantities with data set #12" class="Wayfair\Tests\Mappers\InventoryMapperTest" classname="Wayfair.Tests.Mappers.InventoryMapperTest" file="C:\Users\jhoule\ws\plentymarkets-plugin\tests\php\Mappers\InventoryMapperTest.php" line="20" assertions="1" time="0.001740"/>
        <testcase name="testMergeQuantities with data set #13" class="Wayfair\Tests\Mappers\InventoryMapperTest" classname="Wayfair.Tests.Mappers.InventoryMapperTest" file="C:\Users\jhoule\ws\plentymarkets-plugin\tests\php\Mappers\InventoryMapperTest.php" line="20" assertions="1" time="0.001826"/>
        <testcase name="testMergeQuantities with data set #14" class="Wayfair\Tests\Mappers\InventoryMapperTest" classname="Wayfair.Tests.Mappers.InventoryMapperTest" file="C:\Users\jhoule\ws\plentymarkets-plugin\tests\php\Mappers\InventoryMapperTest.php" line="20" assertions="1" time="0.001632"/>
        <testcase name="testMergeQuantities with data set #15" class="Wayfair\Tests\Mappers\InventoryMapperTest" classname="Wayfair.Tests.Mappers.InventoryMapperTest" file="C:\Users\jhoule\ws\plentymarkets-plugin\tests\php\Mappers\InventoryMapperTest.php" line="20" assertions="1" time="0.002462"/>
        <testcase name="testMergeQuantities with data set #16" class="Wayfair\Tests\Mappers\InventoryMapperTest" classname="Wayfair.Tests.Mappers.InventoryMapperTest" file="C:\Users\jhoule\ws\plentymarkets-plugin\tests\php\Mappers\InventoryMapperTest.php" line="20" assertions="1" time="0.001636"/>
        <testcase name="testMergeQuantities with data set #17" class="Wayfair\Tests\Mappers\InventoryMapperTest" classname="Wayfair.Tests.Mappers.InventoryMapperTest" file="C:\Users\jhoule\ws\plentymarkets-plugin\tests\php\Mappers\InventoryMapperTest.php" line="20" assertions="1" time="0.001695"/>
        <testcase name="testMergeQuantities with data set #18" class="Wayfair\Tests\Mappers\InventoryMapperTest" classname="Wayfair.Tests.Mappers.InventoryMapperTest" file="C:\Users\jhoule\ws\plentymarkets-plugin\tests\php\Mappers\InventoryMapperTest.php" line="20" assertions="1" time="0.001636"/>
        <testcase name="testMergeQuantities with data set #19" class="Wayfair\Tests\Mappers\InventoryMapperTest" classname="Wayfair.Tests.Mappers.InventoryMapperTest" file="C:\Users\jhoule\ws\plentymarkets-plugin\tests\php\Mappers\InventoryMapperTest.php" line="20" assertions="1" time="0.002839"/>
        <testcase name="testMergeQuantities with data set #20" class="Wayfair\Tests\Mappers\InventoryMapperTest" classname="Wayfair.Tests.Mappers.InventoryMapperTest" file="C:\Users\jhoule\ws\plentymarkets-plugin\tests\php\Mappers\InventoryMapperTest.php" line="20" assertions="1" time="0.001928"/>
      </testsuite>
      <testsuite name="Wayfair\Tests\Mappers\InventoryMapperTest::testGetQuantityOnHand" tests="6" assertions="6" errors="0" failures="0" skipped="0" time="0.023657">
        <testcase name="testGetQuantityOnHand with data set #0" class="Wayfair\Tests\Mappers\InventoryMapperTest" classname="Wayfair.Tests.Mappers.InventoryMapperTest" file="C:\Users\jhoule\ws\plentymarkets-plugin\tests\php\Mappers\InventoryMapperTest.php" line="30" assertions="1" time="0.001611"/>
        <testcase name="testGetQuantityOnHand with data set #1" class="Wayfair\Tests\Mappers\InventoryMapperTest" classname="Wayfair.Tests.Mappers.InventoryMapperTest" file="C:\Users\jhoule\ws\plentymarkets-plugin\tests\php\Mappers\InventoryMapperTest.php" line="30" assertions="1" time="0.007554"/>
        <testcase name="testGetQuantityOnHand with data set #2" class="Wayfair\Tests\Mappers\InventoryMapperTest" classname="Wayfair.Tests.Mappers.InventoryMapperTest" file="C:\Users\jhoule\ws\plentymarkets-plugin\tests\php\Mappers\InventoryMapperTest.php" line="30" assertions="1" time="0.004148"/>
        <testcase name="testGetQuantityOnHand with data set #3" class="Wayfair\Tests\Mappers\InventoryMapperTest" classname="Wayfair.Tests.Mappers.InventoryMapperTest" file="C:\Users\jhoule\ws\plentymarkets-plugin\tests\php\Mappers\InventoryMapperTest.php" line="30" assertions="1" time="0.002670"/>
        <testcase name="testGetQuantityOnHand with data set #4" class="Wayfair\Tests\Mappers\InventoryMapperTest" classname="Wayfair.Tests.Mappers.InventoryMapperTest" file="C:\Users\jhoule\ws\plentymarkets-plugin\tests\php\Mappers\InventoryMapperTest.php" line="30" assertions="1" time="0.002818"/>
        <testcase name="testGetQuantityOnHand with data set #5" class="Wayfair\Tests\Mappers\InventoryMapperTest" classname="Wayfair.Tests.Mappers.InventoryMapperTest" file="C:\Users\jhoule\ws\plentymarkets-plugin\tests\php\Mappers\InventoryMapperTest.php" line="30" assertions="1" time="0.004856"/>
      </testsuite>
      <testcase name="testApplyStockBufferNullDTO" class="Wayfair\Tests\Mappers\InventoryMapperTest" classname="Wayfair.Tests.Mappers.InventoryMapperTest" file="C:\Users\jhoule\ws\plentymarkets-plugin\tests\php\Mappers\InventoryMapperTest.php" line="50" assertions="5" time="0.004418"/>
      <testsuite name="Wayfair\Tests\Mappers\InventoryMapperTest::testApplyStockBuffer" tests="20" assertions="20" errors="0" failures="0" skipped="0" time="0.040224">
        <testcase name="testApplyStockBuffer with data set #0" class="Wayfair\Tests\Mappers\InventoryMapperTest" classname="Wayfair.Tests.Mappers.InventoryMapperTest" file="C:\Users\jhoule\ws\plentymarkets-plugin\tests\php\Mappers\InventoryMapperTest.php" line="63" assertions="1" time="0.002564"/>
        <testcase name="testApplyStockBuffer with data set #1" class="Wayfair\Tests\Mappers\InventoryMapperTest" classname="Wayfair.Tests.Mappers.InventoryMapperTest" file="C:\Users\jhoule\ws\plentymarkets-plugin\tests\php\Mappers\InventoryMapperTest.php" line="63" assertions="1" time="0.002267"/>
        <testcase name="testApplyStockBuffer with data set #2" class="Wayfair\Tests\Mappers\InventoryMapperTest" classname="Wayfair.Tests.Mappers.InventoryMapperTest" file="C:\Users\jhoule\ws\plentymarkets-plugin\tests\php\Mappers\InventoryMapperTest.php" line="63" assertions="1" time="0.001706"/>
        <testcase name="testApplyStockBuffer with data set #3" class="Wayfair\Tests\Mappers\InventoryMapperTest" classname="Wayfair.Tests.Mappers.InventoryMapperTest" file="C:\Users\jhoule\ws\plentymarkets-plugin\tests\php\Mappers\InventoryMapperTest.php" line="63" assertions="1" time="0.002139"/>
        <testcase name="testApplyStockBuffer with data set #4" class="Wayfair\Tests\Mappers\InventoryMapperTest" classname="Wayfair.Tests.Mappers.InventoryMapperTest" file="C:\Users\jhoule\ws\plentymarkets-plugin\tests\php\Mappers\InventoryMapperTest.php" line="63" assertions="1" time="0.002639"/>
        <testcase name="testApplyStockBuffer with data set #5" class="Wayfair\Tests\Mappers\InventoryMapperTest" classname="Wayfair.Tests.Mappers.InventoryMapperTest" file="C:\Users\jhoule\ws\plentymarkets-plugin\tests\php\Mappers\InventoryMapperTest.php" line="63" assertions="1" time="0.001754"/>
        <testcase name="testApplyStockBuffer with data set #6" class="Wayfair\Tests\Mappers\InventoryMapperTest" classname="Wayfair.Tests.Mappers.InventoryMapperTest" file="C:\Users\jhoule\ws\plentymarkets-plugin\tests\php\Mappers\InventoryMapperTest.php" line="63" assertions="1" time="0.002417"/>
        <testcase name="testApplyStockBuffer with data set #7" class="Wayfair\Tests\Mappers\InventoryMapperTest" classname="Wayfair.Tests.Mappers.InventoryMapperTest" file="C:\Users\jhoule\ws\plentymarkets-plugin\tests\php\Mappers\InventoryMapperTest.php" line="63" assertions="1" time="0.001717"/>
        <testcase name="testApplyStockBuffer with data set #8" class="Wayfair\Tests\Mappers\InventoryMapperTest" classname="Wayfair.Tests.Mappers.InventoryMapperTest" file="C:\Users\jhoule\ws\plentymarkets-plugin\tests\php\Mappers\InventoryMapperTest.php" line="63" assertions="1" time="0.001758"/>
        <testcase name="testApplyStockBuffer with data set #9" class="Wayfair\Tests\Mappers\InventoryMapperTest" classname="Wayfair.Tests.Mappers.InventoryMapperTest" file="C:\Users\jhoule\ws\plentymarkets-plugin\tests\php\Mappers\InventoryMapperTest.php" line="63" assertions="1" time="0.001764"/>
        <testcase name="testApplyStockBuffer with data set #10" class="Wayfair\Tests\Mappers\InventoryMapperTest" classname="Wayfair.Tests.Mappers.InventoryMapperTest" file="C:\Users\jhoule\ws\plentymarkets-plugin\tests\php\Mappers\InventoryMapperTest.php" line="63" assertions="1" time="0.001729"/>
        <testcase name="testApplyStockBuffer with data set #11" class="Wayfair\Tests\Mappers\InventoryMapperTest" classname="Wayfair.Tests.Mappers.InventoryMapperTest" file="C:\Users\jhoule\ws\plentymarkets-plugin\tests\php\Mappers\InventoryMapperTest.php" line="63" assertions="1" time="0.001802"/>
        <testcase name="testApplyStockBuffer with data set #12" class="Wayfair\Tests\Mappers\InventoryMapperTest" classname="Wayfair.Tests.Mappers.InventoryMapperTest" file="C:\Users\jhoule\ws\plentymarkets-plugin\tests\php\Mappers\InventoryMapperTest.php" line="63" assertions="1" time="0.001756"/>
        <testcase name="testApplyStockBuffer with data set #13" class="Wayfair\Tests\Mappers\InventoryMapperTest" classname="Wayfair.Tests.Mappers.InventoryMapperTest" file="C:\Users\jhoule\ws\plentymarkets-plugin\tests\php\Mappers\InventoryMapperTest.php" line="63" assertions="1" time="0.001824"/>
        <testcase name="testApplyStockBuffer with data set #14" class="Wayfair\Tests\Mappers\InventoryMapperTest" classname="Wayfair.Tests.Mappers.InventoryMapperTest" file="C:\Users\jhoule\ws\plentymarkets-plugin\tests\php\Mappers\InventoryMapperTest.php" line="63" assertions="1" time="0.001709"/>
        <testcase name="testApplyStockBuffer with data set #15" class="Wayfair\Tests\Mappers\InventoryMapperTest" classname="Wayfair.Tests.Mappers.InventoryMapperTest" file="C:\Users\jhoule\ws\plentymarkets-plugin\tests\php\Mappers\InventoryMapperTest.php" line="63" assertions="1" time="0.002096"/>
        <testcase name="testApplyStockBuffer with data set #16" class="Wayfair\Tests\Mappers\InventoryMapperTest" classname="Wayfair.Tests.Mappers.InventoryMapperTest" file="C:\Users\jhoule\ws\plentymarkets-plugin\tests\php\Mappers\InventoryMapperTest.php" line="63" assertions="1" time="0.001919"/>
        <testcase name="testApplyStockBuffer with data set #17" class="Wayfair\Tests\Mappers\InventoryMapperTest" classname="Wayfair.Tests.Mappers.InventoryMapperTest" file="C:\Users\jhoule\ws\plentymarkets-plugin\tests\php\Mappers\InventoryMapperTest.php" line="63" assertions="1" time="0.001728"/>
        <testcase name="testApplyStockBuffer with data set #18" class="Wayfair\Tests\Mappers\InventoryMapperTest" classname="Wayfair.Tests.Mappers.InventoryMapperTest" file="C:\Users\jhoule\ws\plentymarkets-plugin\tests\php\Mappers\InventoryMapperTest.php" line="63" assertions="1" time="0.002998"/>
        <testcase name="testApplyStockBuffer with data set #19" class="Wayfair\Tests\Mappers\InventoryMapperTest" classname="Wayfair.Tests.Mappers.InventoryMapperTest" file="C:\Users\jhoule\ws\plentymarkets-plugin\tests\php\Mappers\InventoryMapperTest.php" line="63" assertions="1" time="0.001938"/>
      </testsuite>
      <testsuite name="Wayfair\Tests\Mappers\InventoryMapperTest::testGetSupplierPartNumberFromVariation" tests="16" assertions="16" errors="0" failures="0" skipped="0" time="0.029516">
        <testcase name="testGetSupplierPartNumberFromVariation with data set #0" class="Wayfair\Tests\Mappers\InventoryMapperTest" classname="Wayfair.Tests.Mappers.InventoryMapperTest" file="C:\Users\jhoule\ws\plentymarkets-plugin\tests\php\Mappers\InventoryMapperTest.php" line="93" assertions="1" time="0.001663"/>
        <testcase name="testGetSupplierPartNumberFromVariation with data set #1" class="Wayfair\Tests\Mappers\InventoryMapperTest" classname="Wayfair.Tests.Mappers.InventoryMapperTest" file="C:\Users\jhoule\ws\plentymarkets-plugin\tests\php\Mappers\InventoryMapperTest.php" line="93" assertions="1" time="0.001655"/>
        <testcase name="testGetSupplierPartNumberFromVariation with data set #2" class="Wayfair\Tests\Mappers\InventoryMapperTest" classname="Wayfair.Tests.Mappers.InventoryMapperTest" file="C:\Users\jhoule\ws\plentymarkets-plugin\tests\php\Mappers\InventoryMapperTest.php" line="93" assertions="1" time="0.001671"/>
        <testcase name="testGetSupplierPartNumberFromVariation with data set #3" class="Wayfair\Tests\Mappers\InventoryMapperTest" classname="Wayfair.Tests.Mappers.InventoryMapperTest" file="C:\Users\jhoule\ws\plentymarkets-plugin\tests\php\Mappers\InventoryMapperTest.php" line="93" assertions="1" time="0.001649"/>
        <testcase name="testGetSupplierPartNumberFromVariation with data set #4" class="Wayfair\Tests\Mappers\InventoryMapperTest" classname="Wayfair.Tests.Mappers.InventoryMapperTest" file="C:\Users\jhoule\ws\plentymarkets-plugin\tests\php\Mappers\InventoryMapperTest.php" line="93" assertions="1" time="0.001760"/>
        <testcase name="testGetSupplierPartNumberFromVariation with data set #5" class="Wayfair\Tests\Mappers\InventoryMapperTest" classname="Wayfair.Tests.Mappers.InventoryMapperTest" file="C:\Users\jhoule\ws\plentymarkets-plugin\tests\php\Mappers\InventoryMapperTest.php" line="93" assertions="1" time="0.001771"/>
        <testcase name="testGetSupplierPartNumberFromVariation with data set #6" class="Wayfair\Tests\Mappers\InventoryMapperTest" classname="Wayfair.Tests.Mappers.InventoryMapperTest" file="C:\Users\jhoule\ws\plentymarkets-plugin\tests\php\Mappers\InventoryMapperTest.php" line="93" assertions="1" time="0.001724"/>
        <testcase name="testGetSupplierPartNumberFromVariation with data set #7" class="Wayfair\Tests\Mappers\InventoryMapperTest" classname="Wayfair.Tests.Mappers.InventoryMapperTest" file="C:\Users\jhoule\ws\plentymarkets-plugin\tests\php\Mappers\InventoryMapperTest.php" line="93" assertions="1" time="0.001744"/>
        <testcase name="testGetSupplierPartNumberFromVariation with data set #8" class="Wayfair\Tests\Mappers\InventoryMapperTest" classname="Wayfair.Tests.Mappers.InventoryMapperTest" file="C:\Users\jhoule\ws\plentymarkets-plugin\tests\php\Mappers\InventoryMapperTest.php" line="93" assertions="1" time="0.001784"/>
        <testcase name="testGetSupplierPartNumberFromVariation with data set #9" class="Wayfair\Tests\Mappers\InventoryMapperTest" classname="Wayfair.Tests.Mappers.InventoryMapperTest" file="C:\Users\jhoule\ws\plentymarkets-plugin\tests\php\Mappers\InventoryMapperTest.php" line="93" assertions="1" time="0.002400"/>
        <testcase name="testGetSupplierPartNumberFromVariation with data set #10" class="Wayfair\Tests\Mappers\InventoryMapperTest" classname="Wayfair.Tests.Mappers.InventoryMapperTest" file="C:\Users\jhoule\ws\plentymarkets-plugin\tests\php\Mappers\InventoryMapperTest.php" line="93" assertions="1" time="0.001834"/>
        <testcase name="testGetSupplierPartNumberFromVariation with data set #11" class="Wayfair\Tests\Mappers\InventoryMapperTest" classname="Wayfair.Tests.Mappers.InventoryMapperTest" file="C:\Users\jhoule\ws\plentymarkets-plugin\tests\php\Mappers\InventoryMapperTest.php" line="93" assertions="1" time="0.001896"/>
        <testcase name="testGetSupplierPartNumberFromVariation with data set #12" class="Wayfair\Tests\Mappers\InventoryMapperTest" classname="Wayfair.Tests.Mappers.InventoryMapperTest" file="C:\Users\jhoule\ws\plentymarkets-plugin\tests\php\Mappers\InventoryMapperTest.php" line="93" assertions="1" time="0.001845"/>
        <testcase name="testGetSupplierPartNumberFromVariation with data set #13" class="Wayfair\Tests\Mappers\InventoryMapperTest" classname="Wayfair.Tests.Mappers.InventoryMapperTest" file="C:\Users\jhoule\ws\plentymarkets-plugin\tests\php\Mappers\InventoryMapperTest.php" line="93" assertions="1" time="0.001896"/>
        <testcase name="testGetSupplierPartNumberFromVariation with data set #14" class="Wayfair\Tests\Mappers\InventoryMapperTest" classname="Wayfair.Tests.Mappers.InventoryMapperTest" file="C:\Users\jhoule\ws\plentymarkets-plugin\tests\php\Mappers\InventoryMapperTest.php" line="93" assertions="1" time="0.002327"/>
        <testcase name="testGetSupplierPartNumberFromVariation with data set #15" class="Wayfair\Tests\Mappers\InventoryMapperTest" classname="Wayfair.Tests.Mappers.InventoryMapperTest" file="C:\Users\jhoule\ws\plentymarkets-plugin\tests\php\Mappers\InventoryMapperTest.php" line="93" assertions="1" time="0.001897"/>
      </testsuite>
    </testsuite>
  </testsuite>
</testsuites>
